[+] Containers:
 |- [+] Container: /Game/testspace_kyle
 |   |- [+] ActorDescs:
 |   |   |- Guid:1B65A64A47C960FE71FD90AC4A796A8F BaseClass: NativeClass:/Script/Engine.PlayerStart Name:PlayerStart_UAID_88AEDD24F4890AAD01_1129211609 Label:PlayerStart SpatiallyLoaded:0 Bounds:IsValid=true, Min=(X=1090.471 Y=209.771 Z=1080.000), Max=(X=1170.471 Y=289.771 Z=1264.000) RuntimeGrid:None EditorOnly:0 RuntimeOnly:0 HLODRelevant:0
 |   |   |- Guid:369F41394E6ECEC51C94688DAB9E0797 BaseClass:/Game/kyle/nodes/nodemain.nodemain_C NativeClass:/Script/Engine.Actor Name:nodemain_C_UAID_88AEDD24F4894CAD01_1514781223 Label:nodemain4 SpatiallyLoaded:1 Bounds:IsValid=true, Min=(X=940.000 Y=1470.000 Z=88.000), Max=(X=1050.000 Y=1580.000 Z=126.000) RuntimeGrid:None EditorOnly:0 RuntimeOnly:0 HLODRelevant:0
 |   |   |- Guid:3766064141987A07BC2CC5A33E4C9A99 BaseClass:/Game/kyle/wire/wire.wire_C NativeClass:/Script/Engine.Actor Name:wire_C_UAID_C85ACF005B3A34AD01_2124405000 Label:wire2 SpatiallyLoaded:1 Bounds:IsValid=true, Min=(X=987.500 Y=557.578 Z=80.000), Max=(X=1012.500 Y=1022.422 Z=80.000) RuntimeGrid:None EditorOnly:0 RuntimeOnly:0 HLODRelevant:0
 |   |   |- Guid:38A3BEF14DE6ED170561DAAD75F3BF26 BaseClass:/Game/kyle/wire/wire.wire_C NativeClass:/Script/Engine.Actor Name:wire_C_UAID_C85ACF005971F0AC01_1336313033 Label:wire SpatiallyLoaded:1 Bounds:IsValid=true, Min=(X=987.500 Y=97.500 Z=80.000), Max=(X=1012.500 Y=522.500 Z=80.000) RuntimeGrid:None EditorOnly:0 RuntimeOnly:0 HLODRelevant:0
 |   |   |- Guid:43F0A7054A21B347CDD9EBAF68A2917B BaseClass:/Game/kyle/wire/wire.wire_C NativeClass:/Script/Engine.Actor Name:wire_C_UAID_C85ACF005B3A38AD01_1731694706 Label:wire3 SpatiallyLoaded:1 Bounds:IsValid=true, Min=(X=987.500 Y=1067.500 Z=80.000), Max=(X=1012.500 Y=1492.500 Z=80.000) RuntimeGrid:None EditorOnly:0 RuntimeOnly:0 HLODRelevant:0
 |   |   |- Guid:4C06123C4B9F8244A30DB6BBE2D22BF7 BaseClass:/Game/kyle/nodes/nodemain.nodemain_C NativeClass:/Script/Engine.Actor Name:nodemain_C_UAID_C85ACF005971F0AC01_1290353031 Label:nodemain SpatiallyLoaded:1 Bounds:IsValid=true, Min=(X=940.000 Y=50.000 Z=88.000), Max=(X=1050.000 Y=160.000 Z=126.000) RuntimeGrid:None EditorOnly:0 RuntimeOnly:0 HLODRelevant:0
 |   |   |- Guid:5368FABB47D6D9580DAECA8B0417BF92 BaseClass: NativeClass:/Script/Engine.WorldDataLayers Name:WorldDataLayers Label:WorldDataLayers-1 SpatiallyLoaded:0 Bounds:IsValid=true, Min=(X=0.000 Y=0.000 Z=0.000), Max=(X=0.000 Y=0.000 Z=0.000) RuntimeGrid:None EditorOnly:0 RuntimeOnly:0 HLODRelevant:0
 |   |   |- Guid:6D1111154318B673F506718A74144CFB BaseClass:/Game/kyle/nodes/nodemain.nodemain_C NativeClass:/Script/Engine.Actor Name:nodemain_C_UAID_C85ACF005B3A38AD01_1699598705 Label:nodemain3 SpatiallyLoaded:1 Bounds:IsValid=true, Min=(X=940.000 Y=980.000 Z=88.000), Max=(X=1050.000 Y=1090.000 Z=126.000) RuntimeGrid:None EditorOnly:0 RuntimeOnly:0 HLODRelevant:0
 |   |   |- Guid:80B381BE438DDBE2D5439888B5D6F667 BaseClass:/Game/kyle/nodes/nodemain.nodemain_C NativeClass:/Script/Engine.Actor Name:nodemain_C_UAID_C85ACF005B3A34AD01_2112762999 Label:nodemain2 SpatiallyLoaded:1 Bounds:IsValid=true, Min=(X=940.000 Y=490.000 Z=88.000), Max=(X=1050.000 Y=600.000 Z=126.000) RuntimeGrid:None EditorOnly:0 RuntimeOnly:0 HLODRelevant:0
 |   |   |- Guid:AB61A37D4EB4578FCC70F4A1B6F62930 BaseClass: NativeClass:/Script/Engine.PostProcessVolume Name:PostProcessVolume_UAID_C85ACF005B3A3AAD01_1631788061 Label:PostProcessVolume SpatiallyLoaded:0 Bounds:IsValid=true, Min=(X=1160.000 Y=-300.000 Z=600.000), Max=(X=1360.000 Y=-100.000 Z=800.000) RuntimeGrid:None EditorOnly:0 RuntimeOnly:0 HLODRelevant:0
 |   |   |- Guid:BC756345438B2AA4957B6988007B7F40 BaseClass:/Game/kyle/nodetimer_attachment/nodetimer_atta.nodetimer_atta_C NativeClass:/Script/Engine.Actor Name:nodetimer_atta_C_UAID_C85ACF0058A286AD01_1330817436 Label:nodetimer_atta SpatiallyLoaded:1 Bounds:IsValid=true, Min=(X=925.000 Y=25.000 Z=88.000), Max=(X=1094.752 Y=175.000 Z=92.000) RuntimeGrid:None EditorOnly:0 RuntimeOnly:0 HLODRelevant:0
 |   |   |- Guid:D6C6D66A478DD81E25D6EBA462266A46 BaseClass:/Game/kyle/wire/wire.wire_C NativeClass:/Script/Engine.Actor Name:wire_C_UAID_C85ACF005B3A38AD01_1750019708 Label:wire5 SpatiallyLoaded:1 Bounds:IsValid=true, Min=(X=547.500 Y=1020.500 Z=80.000), Max=(X=972.500 Y=1045.500 Z=80.000) RuntimeGrid:None EditorOnly:0 RuntimeOnly:0 HLODRelevant:0
 |   |   |- Guid:F5564BB740EE74907B1A488E66BBEE9D BaseClass:/Game/kyle/wire/wire.wire_C NativeClass:/Script/Engine.Actor Name:wire_C_UAID_C85ACF005B3A38AD01_1735903707 Label:wire4 SpatiallyLoaded:1 Bounds:IsValid=true, Min=(X=1027.500 Y=1020.500 Z=80.000), Max=(X=1452.500 Y=1045.500 Z=80.000) RuntimeGrid:None EditorOnly:0 RuntimeOnly:0 HLODRelevant:0
 |   |- [+] Clusters:
 |   |   |- [+] [  0]
 |   |   |   |- Guid:1B65A64A47C960FE71FD90AC4A796A8F BaseClass: NativeClass:/Script/Engine.PlayerStart Name:PlayerStart_UAID_88AEDD24F4890AAD01_1129211609 Label:PlayerStart SpatiallyLoaded:0 Bounds:IsValid=true, Min=(X=1090.471 Y=209.771 Z=1080.000), Max=(X=1170.471 Y=289.771 Z=1264.000) RuntimeGrid:None EditorOnly:0 RuntimeOnly:0 HLODRelevant:0
 |   |   |- [+] [  1]
 |   |   |   |- Guid:BC756345438B2AA4957B6988007B7F40 BaseClass:/Game/kyle/nodetimer_attachment/nodetimer_atta.nodetimer_atta_C NativeClass:/Script/Engine.Actor Name:nodetimer_atta_C_UAID_C85ACF0058A286AD01_1330817436 Label:nodetimer_atta SpatiallyLoaded:1 Bounds:IsValid=true, Min=(X=925.000 Y=25.000 Z=88.000), Max=(X=1094.752 Y=175.000 Z=92.000) RuntimeGrid:None EditorOnly:0 RuntimeOnly:0 HLODRelevant:0
 |   |   |   |- Guid:369F41394E6ECEC51C94688DAB9E0797 BaseClass:/Game/kyle/nodes/nodemain.nodemain_C NativeClass:/Script/Engine.Actor Name:nodemain_C_UAID_88AEDD24F4894CAD01_1514781223 Label:nodemain4 SpatiallyLoaded:1 Bounds:IsValid=true, Min=(X=940.000 Y=1470.000 Z=88.000), Max=(X=1050.000 Y=1580.000 Z=126.000) RuntimeGrid:None EditorOnly:0 RuntimeOnly:0 HLODRelevant:0
 |   |   |   |- Guid:43F0A7054A21B347CDD9EBAF68A2917B BaseClass:/Game/kyle/wire/wire.wire_C NativeClass:/Script/Engine.Actor Name:wire_C_UAID_C85ACF005B3A38AD01_1731694706 Label:wire3 SpatiallyLoaded:1 Bounds:IsValid=true, Min=(X=987.500 Y=1067.500 Z=80.000), Max=(X=1012.500 Y=1492.500 Z=80.000) RuntimeGrid:None EditorOnly:0 RuntimeOnly:0 HLODRelevant:0
 |   |   |   |- Guid:4C06123C4B9F8244A30DB6BBE2D22BF7 BaseClass:/Game/kyle/nodes/nodemain.nodemain_C NativeClass:/Script/Engine.Actor Name:nodemain_C_UAID_C85ACF005971F0AC01_1290353031 Label:nodemain SpatiallyLoaded:1 Bounds:IsValid=true, Min=(X=940.000 Y=50.000 Z=88.000), Max=(X=1050.000 Y=160.000 Z=126.000) RuntimeGrid:None EditorOnly:0 RuntimeOnly:0 HLODRelevant:0
 |   |   |   |- Guid:38A3BEF14DE6ED170561DAAD75F3BF26 BaseClass:/Game/kyle/wire/wire.wire_C NativeClass:/Script/Engine.Actor Name:wire_C_UAID_C85ACF005971F0AC01_1336313033 Label:wire SpatiallyLoaded:1 Bounds:IsValid=true, Min=(X=987.500 Y=97.500 Z=80.000), Max=(X=1012.500 Y=522.500 Z=80.000) RuntimeGrid:None EditorOnly:0 RuntimeOnly:0 HLODRelevant:0
 |   |   |   |- Guid:80B381BE438DDBE2D5439888B5D6F667 BaseClass:/Game/kyle/nodes/nodemain.nodemain_C NativeClass:/Script/Engine.Actor Name:nodemain_C_UAID_C85ACF005B3A34AD01_2112762999 Label:nodemain2 SpatiallyLoaded:1 Bounds:IsValid=true, Min=(X=940.000 Y=490.000 Z=88.000), Max=(X=1050.000 Y=600.000 Z=126.000) RuntimeGrid:None EditorOnly:0 RuntimeOnly:0 HLODRelevant:0
 |   |   |   |- Guid:3766064141987A07BC2CC5A33E4C9A99 BaseClass:/Game/kyle/wire/wire.wire_C NativeClass:/Script/Engine.Actor Name:wire_C_UAID_C85ACF005B3A34AD01_2124405000 Label:wire2 SpatiallyLoaded:1 Bounds:IsValid=true, Min=(X=987.500 Y=557.578 Z=80.000), Max=(X=1012.500 Y=1022.422 Z=80.000) RuntimeGrid:None EditorOnly:0 RuntimeOnly:0 HLODRelevant:0
 |   |   |   |- Guid:6D1111154318B673F506718A74144CFB BaseClass:/Game/kyle/nodes/nodemain.nodemain_C NativeClass:/Script/Engine.Actor Name:nodemain_C_UAID_C85ACF005B3A38AD01_1699598705 Label:nodemain3 SpatiallyLoaded:1 Bounds:IsValid=true, Min=(X=940.000 Y=980.000 Z=88.000), Max=(X=1050.000 Y=1090.000 Z=126.000) RuntimeGrid:None EditorOnly:0 RuntimeOnly:0 HLODRelevant:0
 |   |   |   |- Guid:F5564BB740EE74907B1A488E66BBEE9D BaseClass:/Game/kyle/wire/wire.wire_C NativeClass:/Script/Engine.Actor Name:wire_C_UAID_C85ACF005B3A38AD01_1735903707 Label:wire4 SpatiallyLoaded:1 Bounds:IsValid=true, Min=(X=1027.500 Y=1020.500 Z=80.000), Max=(X=1452.500 Y=1045.500 Z=80.000) RuntimeGrid:None EditorOnly:0 RuntimeOnly:0 HLODRelevant:0
 |   |   |   |- Guid:D6C6D66A478DD81E25D6EBA462266A46 BaseClass:/Game/kyle/wire/wire.wire_C NativeClass:/Script/Engine.Actor Name:wire_C_UAID_C85ACF005B3A38AD01_1750019708 Label:wire5 SpatiallyLoaded:1 Bounds:IsValid=true, Min=(X=547.500 Y=1020.500 Z=80.000), Max=(X=972.500 Y=1045.500 Z=80.000) RuntimeGrid:None EditorOnly:0 RuntimeOnly:0 HLODRelevant:0
 |   |   |- [+] [  2]
 |   |   |   |- Guid:AB61A37D4EB4578FCC70F4A1B6F62930 BaseClass: NativeClass:/Script/Engine.PostProcessVolume Name:PostProcessVolume_UAID_C85ACF005B3A3AAD01_1631788061 Label:PostProcessVolume SpatiallyLoaded:0 Bounds:IsValid=true, Min=(X=1160.000 Y=-300.000 Z=600.000), Max=(X=1360.000 Y=-100.000 Z=800.000) RuntimeGrid:None EditorOnly:0 RuntimeOnly:0 HLODRelevant:0
 |   |   |- [+] [  3]
 |   |   |   |- Guid:5368FABB47D6D9580DAECA8B0417BF92 BaseClass: NativeClass:/Script/Engine.WorldDataLayers Name:WorldDataLayers Label:WorldDataLayers-1 SpatiallyLoaded:0 Bounds:IsValid=true, Min=(X=0.000 Y=0.000 Z=0.000), Max=(X=0.000 Y=0.000 Z=0.000) RuntimeGrid:None EditorOnly:0 RuntimeOnly:0 HLODRelevant:0
 |- ContainerInstances:
 |- [+] MainContainer:
 |   |-        ID: 0x0000000000000000
 |   |-    Bounds: IsValid=true, Min=(X=547.500 Y=25.000 Z=80.000), Max=(X=1452.500 Y=1580.000 Z=126.000)
 |   |- Transform: 0.000000,0.000000,0.000000|0.000000,0.000000,-0.000000|1.000000,1.000000,1.000000
 |   |- Container: /Game/testspace_kyle
----------------------------------------------------------------------------------------------------------------
testspace_kyle - Persistent Level
----------------------------------------------------------------------------------------------------------------
Always loaded Actor Count: 24 

----------------------------------------------------------------------------------------------------------------
testspace_kyle - Runtime Spatial Hash - Streaming Grid - MainGrid
----------------------------------------------------------------------------------------------------------------
            Origin: X=0.000 Y=0.000 Z=0.000
         Cell Size: 25600
      World Bounds: IsValid=true, Min=(X=547.500 Y=25.000 Z=80.000), Max=(X=1452.500 Y=1580.000 Z=126.000)
     Loading Range: 76800.00
Block Slow Loading: No
 ClientOnlyVisible: No

[+] Grid Levels: 2
 |- Level  0: Cell Count    1 | Cell Size   25600 | Actor Count   10 (100.0%)
 |- Level  1: Cell Count    0 | Cell Size   51200 | Actor Count    0 (0.0%)

[+] Content of Grid Level 0
 |- [+] Content of Cell MainGrid_L0_X0_Y0
 |   |- Actor Count: 10
 |   |- Actor Path: /Game/testspace_kyle.testspace_kyle:PersistentLevel.nodetimer_atta_C_UAID_C85ACF0058A286AD01_1330817436
 |   |- Actor Package: /Game/__ExternalActors__/testspace_kyle/0/FF/F4EF06HD8TWW2NV2BC9MEJ
 |   |- Actor Path: /Game/testspace_kyle.testspace_kyle:PersistentLevel.nodemain_C_UAID_88AEDD24F4894CAD01_1514781223
 |   |- Actor Package: /Game/__ExternalActors__/testspace_kyle/8/H0/8AH9G6VMZZK9S8GGR1I54L
 |   |- Actor Path: /Game/testspace_kyle.testspace_kyle:PersistentLevel.wire_C_UAID_C85ACF005B3A38AD01_1731694706
 |   |- Actor Package: /Game/__ExternalActors__/testspace_kyle/C/7X/8I07IPY0N2F9FGFVOVXHSH
 |   |- Actor Path: /Game/testspace_kyle.testspace_kyle:PersistentLevel.nodemain_C_UAID_C85ACF005971F0AC01_1290353031
 |   |- Actor Package: /Game/__ExternalActors__/testspace_kyle/7/VB/ML84VBKA10CX88DK85W56Z
 |   |- Actor Path: /Game/testspace_kyle.testspace_kyle:PersistentLevel.wire_C_UAID_C85ACF005971F0AC01_1336313033
 |   |- Actor Package: /Game/__ExternalActors__/testspace_kyle/A/VX/XINZY2ORXXPBDDIOVZP79U
 |   |- Actor Path: /Game/testspace_kyle.testspace_kyle:PersistentLevel.nodemain_C_UAID_C85ACF005B3A34AD01_2112762999
 |   |- Actor Package: /Game/__ExternalActors__/testspace_kyle/3/L2/2QEBDEOCE0EACM47VK0TVV
 |   |- Actor Path: /Game/testspace_kyle.testspace_kyle:PersistentLevel.wire_C_UAID_C85ACF005B3A34AD01_2124405000
 |   |- Actor Package: /Game/__ExternalActors__/testspace_kyle/E/QT/SXILGGHRXBY2IWSORVNYCY
 |   |- Actor Path: /Game/testspace_kyle.testspace_kyle:PersistentLevel.nodemain_C_UAID_C85ACF005B3A38AD01_1699598705
 |   |- Actor Package: /Game/__ExternalActors__/testspace_kyle/D/M6/3TB0XJ9X7FGB9WV9WK9709
 |   |- Actor Path: /Game/testspace_kyle.testspace_kyle:PersistentLevel.wire_C_UAID_C85ACF005B3A38AD01_1735903707
 |   |- Actor Package: /Game/__ExternalActors__/testspace_kyle/5/RH/NMQYYZ6G1I9QCBFD4HSRDR
 |   |- Actor Path: /Game/testspace_kyle.testspace_kyle:PersistentLevel.wire_C_UAID_C85ACF005B3A38AD01_1750019708
 |   |- Actor Package: /Game/__ExternalActors__/testspace_kyle/8/VV/5Q946GQT5923ANIT5HHMSH
[+] Content of Grid Level 1

