[+] Containers:
 |- [+] Container: /Game/testspace_kyle
 |   |- [+] ActorDescs:
 |   |   |- Guid:38A3BEF14DE6ED170561DAAD75F3BF26 BaseClass:/Game/kyle/wire/wire.wire_C NativeClass:/Script/Engine.Actor Name:wire_C_UAID_C85ACF005971F0AC01_1336313033 Label:wire SpatiallyLoaded:1 Bounds:IsValid=true, Min=(X=987.500 Y=97.500 Z=80.000), Max=(X=1012.500 Y=522.500 Z=80.000) RuntimeGrid:None EditorOnly:0 RuntimeOnly:0 HLODRelevant:0
 |   |   |- Guid:4C06123C4B9F8244A30DB6BBE2D22BF7 BaseClass:/Game/kyle/nodes/nodemain.nodemain_C NativeClass:/Script/Engine.Actor Name:nodemain_C_UAID_C85ACF005971F0AC01_1290353031 Label:nodemain SpatiallyLoaded:1 Bounds:IsValid=true, Min=(X=940.000 Y=50.000 Z=90.000), Max=(X=1050.000 Y=160.000 Z=126.000) RuntimeGrid:None EditorOnly:0 RuntimeOnly:0 HLODRelevant:0
 |   |   |- Guid:5368FABB47D6D9580DAECA8B0417BF92 BaseClass: NativeClass:/Script/Engine.WorldDataLayers Name:WorldDataLayers Label:WorldDataLayers-1 SpatiallyLoaded:0 Bounds:IsValid=true, Min=(X=0.000 Y=0.000 Z=0.000), Max=(X=0.000 Y=0.000 Z=0.000) RuntimeGrid:None EditorOnly:0 RuntimeOnly:0 HLODRelevant:0
 |   |   |- Guid:8A9E5BBD4F8FB3D4FA4F789A2AD838E2 BaseClass:/Game/kyle/user.user_C NativeClass:/Script/Engine.Character Name:user_C_UAID_88AEDD24F48908AD01_1916190256 Label:user SpatiallyLoaded:1 Bounds:IsValid=true, Min=(X=1256.000 Y=76.000 Z=550.000), Max=(X=1324.000 Y=144.000 Z=618.000) RuntimeGrid:None EditorOnly:0 RuntimeOnly:0 HLODRelevant:0
 |   |- [+] Clusters:
 |   |   |- [+] [  0]
 |   |   |   |- Guid:4C06123C4B9F8244A30DB6BBE2D22BF7 BaseClass:/Game/kyle/nodes/nodemain.nodemain_C NativeClass:/Script/Engine.Actor Name:nodemain_C_UAID_C85ACF005971F0AC01_1290353031 Label:nodemain SpatiallyLoaded:1 Bounds:IsValid=true, Min=(X=940.000 Y=50.000 Z=90.000), Max=(X=1050.000 Y=160.000 Z=126.000) RuntimeGrid:None EditorOnly:0 RuntimeOnly:0 HLODRelevant:0
 |   |   |   |- Guid:38A3BEF14DE6ED170561DAAD75F3BF26 BaseClass:/Game/kyle/wire/wire.wire_C NativeClass:/Script/Engine.Actor Name:wire_C_UAID_C85ACF005971F0AC01_1336313033 Label:wire SpatiallyLoaded:1 Bounds:IsValid=true, Min=(X=987.500 Y=97.500 Z=80.000), Max=(X=1012.500 Y=522.500 Z=80.000) RuntimeGrid:None EditorOnly:0 RuntimeOnly:0 HLODRelevant:0
 |   |   |- [+] [  1]
 |   |   |   |- Guid:5368FABB47D6D9580DAECA8B0417BF92 BaseClass: NativeClass:/Script/Engine.WorldDataLayers Name:WorldDataLayers Label:WorldDataLayers-1 SpatiallyLoaded:0 Bounds:IsValid=true, Min=(X=0.000 Y=0.000 Z=0.000), Max=(X=0.000 Y=0.000 Z=0.000) RuntimeGrid:None EditorOnly:0 RuntimeOnly:0 HLODRelevant:0
 |   |   |- [+] [  2]
 |   |   |   |- Guid:8A9E5BBD4F8FB3D4FA4F789A2AD838E2 BaseClass:/Game/kyle/user.user_C NativeClass:/Script/Engine.Character Name:user_C_UAID_88AEDD24F48908AD01_1916190256 Label:user SpatiallyLoaded:1 Bounds:IsValid=true, Min=(X=1256.000 Y=76.000 Z=550.000), Max=(X=1324.000 Y=144.000 Z=618.000) RuntimeGrid:None EditorOnly:0 RuntimeOnly:0 HLODRelevant:0
 |- ContainerInstances:
 |- [+] MainContainer:
 |   |-        ID: 0x0000000000000000
 |   |-    Bounds: IsValid=true, Min=(X=940.000 Y=50.000 Z=80.000), Max=(X=1324.000 Y=522.500 Z=618.000)
 |   |- Transform: 0.000000,0.000000,0.000000|0.000000,0.000000,-0.000000|1.000000,1.000000,1.000000
 |   |- Container: /Game/testspace_kyle
----------------------------------------------------------------------------------------------------------------
testspace_kyle - Persistent Level
----------------------------------------------------------------------------------------------------------------
Always loaded Actor Count: 10 

----------------------------------------------------------------------------------------------------------------
testspace_kyle - Runtime Spatial Hash - Streaming Grid - MainGrid
----------------------------------------------------------------------------------------------------------------
            Origin: X=0.000 Y=0.000 Z=0.000
         Cell Size: 25600
      World Bounds: IsValid=true, Min=(X=940.000 Y=50.000 Z=80.000), Max=(X=1324.000 Y=522.500 Z=618.000)
     Loading Range: 76800.00
Block Slow Loading: No
 ClientOnlyVisible: No

[+] Grid Levels: 2
 |- Level  0: Cell Count    1 | Cell Size   25600 | Actor Count    3 (100.0%)
 |- Level  1: Cell Count    0 | Cell Size   51200 | Actor Count    0 (0.0%)

[+] Content of Grid Level 0
 |- [+] Content of Cell MainGrid_L0_X0_Y0
 |   |- Actor Count: 3
 |   |- Actor Path: /Game/testspace_kyle.testspace_kyle:PersistentLevel.nodemain_C_UAID_C85ACF005971F0AC01_1290353031
 |   |- Actor Package: /Game/__ExternalActors__/testspace_kyle/7/VB/ML84VBKA10CX88DK85W56Z
 |   |- Actor Path: /Game/testspace_kyle.testspace_kyle:PersistentLevel.wire_C_UAID_C85ACF005971F0AC01_1336313033
 |   |- Actor Package: /Game/__ExternalActors__/testspace_kyle/A/VX/XINZY2ORXXPBDDIOVZP79U
 |   |- Actor Path: /Game/testspace_kyle.testspace_kyle:PersistentLevel.user_C_UAID_88AEDD24F48908AD01_1916190256
 |   |- Actor Package: /Game/__ExternalActors__/testspace_kyle/3/FW/622KVDE0SKP0IQQJW7XX4G
[+] Content of Grid Level 1

